-------------------------------------------------------------------------------
Test set: TestSuite
-------------------------------------------------------------------------------
Tests run: 1, Failures: 1, Errors: 0, Skipped: 0, Time elapsed: 5.661 sec <<< FAILURE! - in TestSuite
doLogin(com.unisys.pom.testcases.LoginTest)  Time elapsed: 4.113 sec  <<< FAILURE!
java.lang.NullPointerException
	at com.unisys.pom.testcases.LoginTest.doLogin(LoginTest.java:32)

